<?xml version="1.0" encoding="UTF-8"?>
<testsuite name="GamesByAgeTest" tests="1" skipped="0" failures="0" errors="0" timestamp="2022-02-07T04:19:34" hostname="TVs-MacBook-Pro.local" time="0.006">
  <properties/>
  <testcase name="SortStudentAgeIngroup" classname="GamesByAgeTest" time="0.006"/>
  <system-out><![CDATA[[[18, 19, 20], [21, 22, 23], [24, 25]]
]]></system-out>
  <system-err><![CDATA[]]></system-err>
</testsuite>
